<?xml version="1.0" encoding="UTF-8"?>
<!-- Generated by org.testng.reporters.JUnitReportReporter -->
<testsuite hostname="LAPTOP-8DIBDOEP" failures="0" tests="2" name="com.TestNgTest.GoogleTest" time="24.883" errors="0" timestamp="2020-02-16T18:26:13 IST" skipped="0">
  <testcase classname="com.TestNgTest.GoogleTest" name="signIn" time="12.411"/>
  <testcase classname="com.TestNgTest.GoogleTest" name="getTitle" time="12.472"/>
</testsuite> <!-- com.TestNgTest.GoogleTest -->
