<?xml version="1.0" encoding="UTF-8"?>
<!-- Generated by org.testng.reporters.JUnitReportReporter -->
<testsuite hostname="LAPTOP-8DIBDOEP" failures="0" tests="5" name="com.TestNgTest.SampleTestNG" time="0.022" errors="0" timestamp="2020-02-16T18:26:13 IST" skipped="0">
  <testcase classname="com.TestNgTest.SampleTestNG" name="googleTitleTest" time="0.004"/>
  <testcase classname="com.TestNgTest.SampleTestNG" name="test2" time="0.005"/>
  <testcase classname="com.TestNgTest.SampleTestNG" name="test3" time="0.005"/>
  <testcase classname="com.TestNgTest.SampleTestNG" name="test4" time="0.005"/>
  <testcase classname="com.TestNgTest.SampleTestNG" name="test5" time="0.003"/>
</testsuite> <!-- com.TestNgTest.SampleTestNG -->
