<?xml version="1.0" encoding="UTF-8"?>
<!-- Generated by org.testng.reporters.JUnitReportReporter -->
<testsuite hostname="LAPTOP-8DIBDOEP" failures="0" tests="1" name="com.TestNgTest.ParameterPassingInTestNg" time="14.578" errors="0" timestamp="2020-02-18T23:26:59 IST" skipped="0">
  <testcase classname="com.TestNgTest.ParameterPassingInTestNg" name="parameterPass" time="14.578"/>
</testsuite> <!-- com.TestNgTest.ParameterPassingInTestNg -->
