<?xml version="1.0" encoding="UTF-8"?>
<!-- Generated by org.testng.reporters.JUnitReportReporter -->
<testsuite hostname="LAPTOP-8DIBDOEP" failures="0" tests="10" name="com.TestNgTest.InvocationCount" time="0.026" errors="0" timestamp="2020-02-16T18:26:13 IST" skipped="0">
  <testcase classname="com.TestNgTest.InvocationCount" name="sum" time="0.003"/>
  <testcase classname="com.TestNgTest.InvocationCount" name="sum" time="0.002"/>
  <testcase classname="com.TestNgTest.InvocationCount" name="sum" time="0.004"/>
  <testcase classname="com.TestNgTest.InvocationCount" name="sum" time="0.003"/>
  <testcase classname="com.TestNgTest.InvocationCount" name="sum" time="0.002"/>
  <testcase classname="com.TestNgTest.InvocationCount" name="sum" time="0.002"/>
  <testcase classname="com.TestNgTest.InvocationCount" name="sum" time="0.002"/>
  <testcase classname="com.TestNgTest.InvocationCount" name="sum" time="0.003"/>
  <testcase classname="com.TestNgTest.InvocationCount" name="sum" time="0.002"/>
  <testcase classname="com.TestNgTest.InvocationCount" name="sum" time="0.003"/>
</testsuite> <!-- com.TestNgTest.InvocationCount -->
