<?xml version="1.0" encoding="UTF-8"?>
<!-- Generated by org.testng.reporters.JUnitReportReporter -->
<testsuite hostname="LAPTOP-8DIBDOEP" failures="0" tests="2" name="com.TestNgTest.TestNgFeature" time="0.017" errors="0" timestamp="2020-02-16T17:23:47 IST" skipped="0">
  <testcase classname="com.TestNgTest.TestNgFeature" name="login" time="0.016"/>
  <testcase classname="com.TestNgTest.TestNgFeature" name="homePage" time="0.001"/>
</testsuite> <!-- com.TestNgTest.TestNgFeature -->
